

time:2017-03-10 09:56:37,330 	 nfile:log.py 	 fun:error 	 lineno:77 
message:webServer api_login error_0_58c12673e138233fba65c2bdTraceback (most recent call last):
  File "game/serverweb.py", line 163, in threadedFunction
    _defer = procfun.proc(self,args)
  File "/Applications/XAMPP/xamppfiles/htdocs/work/wangzhe/server/game/api/api_login.py", line 12, in proc
    _res = doproc(conn,data)
  File "/Applications/XAMPP/xamppfiles/htdocs/work/wangzhe/server/game/api/api_login.py", line 119, in doproc
    _r = g.m.taskfun.genrateTask(uid)
  File "/Applications/XAMPP/xamppfiles/htdocs/work/wangzhe/server/game/taskfun.py", line 208, in genrateTask
    _nval = getTaskFinishVal(_con[str(taskid)],gud)
  File "/Applications/XAMPP/xamppfiles/htdocs/work/wangzhe/server/game/taskfun.py", line 133, in getTaskFinishVal
    if data[con["cond"][0]] >= con["cond"][1][0]:
KeyError: u'FDADD'

sysErrmsg:Traceback (most recent call last):
  File "game/serverweb.py", line 163, in threadedFunction
    _defer = procfun.proc(self,args)
  File "/Applications/XAMPP/xamppfiles/htdocs/work/wangzhe/server/game/api/api_login.py", line 12, in proc
    _res = doproc(conn,data)
  File "/Applications/XAMPP/xamppfiles/htdocs/work/wangzhe/server/game/api/api_login.py", line 119, in doproc
    _r = g.m.taskfun.genrateTask(uid)
  File "/Applications/XAMPP/xamppfiles/htdocs/work/wangzhe/server/game/taskfun.py", line 208, in genrateTask
    _nval = getTaskFinishVal(_con[str(taskid)],gud)
  File "/Applications/XAMPP/xamppfiles/htdocs/work/wangzhe/server/game/taskfun.py", line 133, in getTaskFinishVal
    if data[con["cond"][0]] >= con["cond"][1][0]:
KeyError: u'FDADD'



time:2017-03-10 09:56:44,076 	 nfile:log.py 	 fun:error 	 lineno:77 
message:webServer api_login error_0_58c12673e138233fba65c2bdTraceback (most recent call last):
  File "game/serverweb.py", line 163, in threadedFunction
    _defer = procfun.proc(self,args)
  File "/Applications/XAMPP/xamppfiles/htdocs/work/wangzhe/server/game/api/api_login.py", line 12, in proc
    _res = doproc(conn,data)
  File "/Applications/XAMPP/xamppfiles/htdocs/work/wangzhe/server/game/api/api_login.py", line 119, in doproc
    _r = g.m.taskfun.genrateTask(uid)
  File "/Applications/XAMPP/xamppfiles/htdocs/work/wangzhe/server/game/taskfun.py", line 208, in genrateTask
    _nval = getTaskFinishVal(_con[str(taskid)],gud)
  File "/Applications/XAMPP/xamppfiles/htdocs/work/wangzhe/server/game/taskfun.py", line 133, in getTaskFinishVal
    if data[con["cond"][0]] >= con["cond"][1][0]:
KeyError: u'FDADD'

sysErrmsg:Traceback (most recent call last):
  File "game/serverweb.py", line 163, in threadedFunction
    _defer = procfun.proc(self,args)
  File "/Applications/XAMPP/xamppfiles/htdocs/work/wangzhe/server/game/api/api_login.py", line 12, in proc
    _res = doproc(conn,data)
  File "/Applications/XAMPP/xamppfiles/htdocs/work/wangzhe/server/game/api/api_login.py", line 119, in doproc
    _r = g.m.taskfun.genrateTask(uid)
  File "/Applications/XAMPP/xamppfiles/htdocs/work/wangzhe/server/game/taskfun.py", line 208, in genrateTask
    _nval = getTaskFinishVal(_con[str(taskid)],gud)
  File "/Applications/XAMPP/xamppfiles/htdocs/work/wangzhe/server/game/taskfun.py", line 133, in getTaskFinishVal
    if data[con["cond"][0]] >= con["cond"][1][0]:
KeyError: u'FDADD'



time:2017-03-10 09:57:21,731 	 nfile:log.py 	 fun:error 	 lineno:77 
message:webServer api_login error_0_58c12673e138233fba65c2bdTraceback (most recent call last):
  File "game/serverweb.py", line 163, in threadedFunction
    _defer = procfun.proc(self,args)
  File "/Applications/XAMPP/xamppfiles/htdocs/work/wangzhe/server/game/api/api_login.py", line 12, in proc
    _res = doproc(conn,data)
  File "/Applications/XAMPP/xamppfiles/htdocs/work/wangzhe/server/game/api/api_login.py", line 119, in doproc
    _r = g.m.taskfun.genrateTask(uid)
  File "/Applications/XAMPP/xamppfiles/htdocs/work/wangzhe/server/game/taskfun.py", line 208, in genrateTask
    _nval = getTaskFinishVal(_con[str(taskid)],gud)
  File "/Applications/XAMPP/xamppfiles/htdocs/work/wangzhe/server/game/taskfun.py", line 133, in getTaskFinishVal
    if data[con["cond"][0]] >= con["cond"][1][0]:
KeyError: u'FDADD'

sysErrmsg:Traceback (most recent call last):
  File "game/serverweb.py", line 163, in threadedFunction
    _defer = procfun.proc(self,args)
  File "/Applications/XAMPP/xamppfiles/htdocs/work/wangzhe/server/game/api/api_login.py", line 12, in proc
    _res = doproc(conn,data)
  File "/Applications/XAMPP/xamppfiles/htdocs/work/wangzhe/server/game/api/api_login.py", line 119, in doproc
    _r = g.m.taskfun.genrateTask(uid)
  File "/Applications/XAMPP/xamppfiles/htdocs/work/wangzhe/server/game/taskfun.py", line 208, in genrateTask
    _nval = getTaskFinishVal(_con[str(taskid)],gud)
  File "/Applications/XAMPP/xamppfiles/htdocs/work/wangzhe/server/game/taskfun.py", line 133, in getTaskFinishVal
    if data[con["cond"][0]] >= con["cond"][1][0]:
KeyError: u'FDADD'



time:2017-03-10 09:57:23,392 	 nfile:log.py 	 fun:error 	 lineno:77 
message:webServer api_login error_0_58c12673e138233fba65c2bdTraceback (most recent call last):
  File "game/serverweb.py", line 163, in threadedFunction
    _defer = procfun.proc(self,args)
  File "/Applications/XAMPP/xamppfiles/htdocs/work/wangzhe/server/game/api/api_login.py", line 12, in proc
    _res = doproc(conn,data)
  File "/Applications/XAMPP/xamppfiles/htdocs/work/wangzhe/server/game/api/api_login.py", line 119, in doproc
    _r = g.m.taskfun.genrateTask(uid)
  File "/Applications/XAMPP/xamppfiles/htdocs/work/wangzhe/server/game/taskfun.py", line 208, in genrateTask
    _nval = getTaskFinishVal(_con[str(taskid)],gud)
  File "/Applications/XAMPP/xamppfiles/htdocs/work/wangzhe/server/game/taskfun.py", line 133, in getTaskFinishVal
    if data[con["cond"][0]] >= con["cond"][1][0]:
KeyError: u'FDADD'

sysErrmsg:Traceback (most recent call last):
  File "game/serverweb.py", line 163, in threadedFunction
    _defer = procfun.proc(self,args)
  File "/Applications/XAMPP/xamppfiles/htdocs/work/wangzhe/server/game/api/api_login.py", line 12, in proc
    _res = doproc(conn,data)
  File "/Applications/XAMPP/xamppfiles/htdocs/work/wangzhe/server/game/api/api_login.py", line 119, in doproc
    _r = g.m.taskfun.genrateTask(uid)
  File "/Applications/XAMPP/xamppfiles/htdocs/work/wangzhe/server/game/taskfun.py", line 208, in genrateTask
    _nval = getTaskFinishVal(_con[str(taskid)],gud)
  File "/Applications/XAMPP/xamppfiles/htdocs/work/wangzhe/server/game/taskfun.py", line 133, in getTaskFinishVal
    if data[con["cond"][0]] >= con["cond"][1][0]:
KeyError: u'FDADD'



time:2017-03-10 09:57:23,986 	 nfile:log.py 	 fun:error 	 lineno:77 
message:webServer api_login error_0_58c12673e138233fba65c2bdTraceback (most recent call last):
  File "game/serverweb.py", line 163, in threadedFunction
    _defer = procfun.proc(self,args)
  File "/Applications/XAMPP/xamppfiles/htdocs/work/wangzhe/server/game/api/api_login.py", line 12, in proc
    _res = doproc(conn,data)
  File "/Applications/XAMPP/xamppfiles/htdocs/work/wangzhe/server/game/api/api_login.py", line 119, in doproc
    _r = g.m.taskfun.genrateTask(uid)
  File "/Applications/XAMPP/xamppfiles/htdocs/work/wangzhe/server/game/taskfun.py", line 208, in genrateTask
    _nval = getTaskFinishVal(_con[str(taskid)],gud)
  File "/Applications/XAMPP/xamppfiles/htdocs/work/wangzhe/server/game/taskfun.py", line 133, in getTaskFinishVal
    if data[con["cond"][0]] >= con["cond"][1][0]:
KeyError: u'FDADD'

sysErrmsg:Traceback (most recent call last):
  File "game/serverweb.py", line 163, in threadedFunction
    _defer = procfun.proc(self,args)
  File "/Applications/XAMPP/xamppfiles/htdocs/work/wangzhe/server/game/api/api_login.py", line 12, in proc
    _res = doproc(conn,data)
  File "/Applications/XAMPP/xamppfiles/htdocs/work/wangzhe/server/game/api/api_login.py", line 119, in doproc
    _r = g.m.taskfun.genrateTask(uid)
  File "/Applications/XAMPP/xamppfiles/htdocs/work/wangzhe/server/game/taskfun.py", line 208, in genrateTask
    _nval = getTaskFinishVal(_con[str(taskid)],gud)
  File "/Applications/XAMPP/xamppfiles/htdocs/work/wangzhe/server/game/taskfun.py", line 133, in getTaskFinishVal
    if data[con["cond"][0]] >= con["cond"][1][0]:
KeyError: u'FDADD'



time:2017-03-10 09:57:24,677 	 nfile:log.py 	 fun:error 	 lineno:77 
message:webServer api_login error_0_58c12673e138233fba65c2bdTraceback (most recent call last):
  File "game/serverweb.py", line 163, in threadedFunction
    _defer = procfun.proc(self,args)
  File "/Applications/XAMPP/xamppfiles/htdocs/work/wangzhe/server/game/api/api_login.py", line 12, in proc
    _res = doproc(conn,data)
  File "/Applications/XAMPP/xamppfiles/htdocs/work/wangzhe/server/game/api/api_login.py", line 119, in doproc
    _r = g.m.taskfun.genrateTask(uid)
  File "/Applications/XAMPP/xamppfiles/htdocs/work/wangzhe/server/game/taskfun.py", line 208, in genrateTask
    _nval = getTaskFinishVal(_con[str(taskid)],gud)
  File "/Applications/XAMPP/xamppfiles/htdocs/work/wangzhe/server/game/taskfun.py", line 133, in getTaskFinishVal
    if data[con["cond"][0]] >= con["cond"][1][0]:
KeyError: u'FDADD'

sysErrmsg:Traceback (most recent call last):
  File "game/serverweb.py", line 163, in threadedFunction
    _defer = procfun.proc(self,args)
  File "/Applications/XAMPP/xamppfiles/htdocs/work/wangzhe/server/game/api/api_login.py", line 12, in proc
    _res = doproc(conn,data)
  File "/Applications/XAMPP/xamppfiles/htdocs/work/wangzhe/server/game/api/api_login.py", line 119, in doproc
    _r = g.m.taskfun.genrateTask(uid)
  File "/Applications/XAMPP/xamppfiles/htdocs/work/wangzhe/server/game/taskfun.py", line 208, in genrateTask
    _nval = getTaskFinishVal(_con[str(taskid)],gud)
  File "/Applications/XAMPP/xamppfiles/htdocs/work/wangzhe/server/game/taskfun.py", line 133, in getTaskFinishVal
    if data[con["cond"][0]] >= con["cond"][1][0]:
KeyError: u'FDADD'



time:2017-03-10 09:57:24,821 	 nfile:log.py 	 fun:error 	 lineno:77 
message:webServer api_login error_0_58c12673e138233fba65c2bdTraceback (most recent call last):
  File "game/serverweb.py", line 163, in threadedFunction
    _defer = procfun.proc(self,args)
  File "/Applications/XAMPP/xamppfiles/htdocs/work/wangzhe/server/game/api/api_login.py", line 12, in proc
    _res = doproc(conn,data)
  File "/Applications/XAMPP/xamppfiles/htdocs/work/wangzhe/server/game/api/api_login.py", line 119, in doproc
    _r = g.m.taskfun.genrateTask(uid)
  File "/Applications/XAMPP/xamppfiles/htdocs/work/wangzhe/server/game/taskfun.py", line 208, in genrateTask
    _nval = getTaskFinishVal(_con[str(taskid)],gud)
  File "/Applications/XAMPP/xamppfiles/htdocs/work/wangzhe/server/game/taskfun.py", line 133, in getTaskFinishVal
    if data[con["cond"][0]] >= con["cond"][1][0]:
KeyError: u'FDADD'

sysErrmsg:Traceback (most recent call last):
  File "game/serverweb.py", line 163, in threadedFunction
    _defer = procfun.proc(self,args)
  File "/Applications/XAMPP/xamppfiles/htdocs/work/wangzhe/server/game/api/api_login.py", line 12, in proc
    _res = doproc(conn,data)
  File "/Applications/XAMPP/xamppfiles/htdocs/work/wangzhe/server/game/api/api_login.py", line 119, in doproc
    _r = g.m.taskfun.genrateTask(uid)
  File "/Applications/XAMPP/xamppfiles/htdocs/work/wangzhe/server/game/taskfun.py", line 208, in genrateTask
    _nval = getTaskFinishVal(_con[str(taskid)],gud)
  File "/Applications/XAMPP/xamppfiles/htdocs/work/wangzhe/server/game/taskfun.py", line 133, in getTaskFinishVal
    if data[con["cond"][0]] >= con["cond"][1][0]:
KeyError: u'FDADD'



time:2017-03-10 09:57:24,844 	 nfile:log.py 	 fun:error 	 lineno:77 
message:webServer api_login error_0_58c12673e138233fba65c2bdTraceback (most recent call last):
  File "game/serverweb.py", line 163, in threadedFunction
    _defer = procfun.proc(self,args)
  File "/Applications/XAMPP/xamppfiles/htdocs/work/wangzhe/server/game/api/api_login.py", line 12, in proc
    _res = doproc(conn,data)
  File "/Applications/XAMPP/xamppfiles/htdocs/work/wangzhe/server/game/api/api_login.py", line 119, in doproc
    _r = g.m.taskfun.genrateTask(uid)
  File "/Applications/XAMPP/xamppfiles/htdocs/work/wangzhe/server/game/taskfun.py", line 208, in genrateTask
    _nval = getTaskFinishVal(_con[str(taskid)],gud)
  File "/Applications/XAMPP/xamppfiles/htdocs/work/wangzhe/server/game/taskfun.py", line 133, in getTaskFinishVal
    if data[con["cond"][0]] >= con["cond"][1][0]:
KeyError: u'FDADD'

sysErrmsg:Traceback (most recent call last):
  File "game/serverweb.py", line 163, in threadedFunction
    _defer = procfun.proc(self,args)
  File "/Applications/XAMPP/xamppfiles/htdocs/work/wangzhe/server/game/api/api_login.py", line 12, in proc
    _res = doproc(conn,data)
  File "/Applications/XAMPP/xamppfiles/htdocs/work/wangzhe/server/game/api/api_login.py", line 119, in doproc
    _r = g.m.taskfun.genrateTask(uid)
  File "/Applications/XAMPP/xamppfiles/htdocs/work/wangzhe/server/game/taskfun.py", line 208, in genrateTask
    _nval = getTaskFinishVal(_con[str(taskid)],gud)
  File "/Applications/XAMPP/xamppfiles/htdocs/work/wangzhe/server/game/taskfun.py", line 133, in getTaskFinishVal
    if data[con["cond"][0]] >= con["cond"][1][0]:
KeyError: u'FDADD'



time:2017-03-10 09:57:24,859 	 nfile:log.py 	 fun:error 	 lineno:77 
message:webServer api_login error_0_58c12673e138233fba65c2bdTraceback (most recent call last):
  File "game/serverweb.py", line 163, in threadedFunction
    _defer = procfun.proc(self,args)
  File "/Applications/XAMPP/xamppfiles/htdocs/work/wangzhe/server/game/api/api_login.py", line 12, in proc
    _res = doproc(conn,data)
  File "/Applications/XAMPP/xamppfiles/htdocs/work/wangzhe/server/game/api/api_login.py", line 119, in doproc
    _r = g.m.taskfun.genrateTask(uid)
  File "/Applications/XAMPP/xamppfiles/htdocs/work/wangzhe/server/game/taskfun.py", line 208, in genrateTask
    _nval = getTaskFinishVal(_con[str(taskid)],gud)
  File "/Applications/XAMPP/xamppfiles/htdocs/work/wangzhe/server/game/taskfun.py", line 133, in getTaskFinishVal
    if data[con["cond"][0]] >= con["cond"][1][0]:
KeyError: u'FDADD'

sysErrmsg:Traceback (most recent call last):
  File "game/serverweb.py", line 163, in threadedFunction
    _defer = procfun.proc(self,args)
  File "/Applications/XAMPP/xamppfiles/htdocs/work/wangzhe/server/game/api/api_login.py", line 12, in proc
    _res = doproc(conn,data)
  File "/Applications/XAMPP/xamppfiles/htdocs/work/wangzhe/server/game/api/api_login.py", line 119, in doproc
    _r = g.m.taskfun.genrateTask(uid)
  File "/Applications/XAMPP/xamppfiles/htdocs/work/wangzhe/server/game/taskfun.py", line 208, in genrateTask
    _nval = getTaskFinishVal(_con[str(taskid)],gud)
  File "/Applications/XAMPP/xamppfiles/htdocs/work/wangzhe/server/game/taskfun.py", line 133, in getTaskFinishVal
    if data[con["cond"][0]] >= con["cond"][1][0]:
KeyError: u'FDADD'



time:2017-03-10 09:57:25,092 	 nfile:log.py 	 fun:error 	 lineno:77 
message:webServer api_login error_0_58c12673e138233fba65c2bdTraceback (most recent call last):
  File "game/serverweb.py", line 163, in threadedFunction
    _defer = procfun.proc(self,args)
  File "/Applications/XAMPP/xamppfiles/htdocs/work/wangzhe/server/game/api/api_login.py", line 12, in proc
    _res = doproc(conn,data)
  File "/Applications/XAMPP/xamppfiles/htdocs/work/wangzhe/server/game/api/api_login.py", line 119, in doproc
    _r = g.m.taskfun.genrateTask(uid)
  File "/Applications/XAMPP/xamppfiles/htdocs/work/wangzhe/server/game/taskfun.py", line 208, in genrateTask
    _nval = getTaskFinishVal(_con[str(taskid)],gud)
  File "/Applications/XAMPP/xamppfiles/htdocs/work/wangzhe/server/game/taskfun.py", line 133, in getTaskFinishVal
    if data[con["cond"][0]] >= con["cond"][1][0]:
KeyError: u'FDADD'

sysErrmsg:Traceback (most recent call last):
  File "game/serverweb.py", line 163, in threadedFunction
    _defer = procfun.proc(self,args)
  File "/Applications/XAMPP/xamppfiles/htdocs/work/wangzhe/server/game/api/api_login.py", line 12, in proc
    _res = doproc(conn,data)
  File "/Applications/XAMPP/xamppfiles/htdocs/work/wangzhe/server/game/api/api_login.py", line 119, in doproc
    _r = g.m.taskfun.genrateTask(uid)
  File "/Applications/XAMPP/xamppfiles/htdocs/work/wangzhe/server/game/taskfun.py", line 208, in genrateTask
    _nval = getTaskFinishVal(_con[str(taskid)],gud)
  File "/Applications/XAMPP/xamppfiles/htdocs/work/wangzhe/server/game/taskfun.py", line 133, in getTaskFinishVal
    if data[con["cond"][0]] >= con["cond"][1][0]:
KeyError: u'FDADD'



time:2017-03-10 09:57:25,124 	 nfile:log.py 	 fun:error 	 lineno:77 
message:webServer api_login error_0_58c12673e138233fba65c2bdTraceback (most recent call last):
  File "game/serverweb.py", line 163, in threadedFunction
    _defer = procfun.proc(self,args)
  File "/Applications/XAMPP/xamppfiles/htdocs/work/wangzhe/server/game/api/api_login.py", line 12, in proc
    _res = doproc(conn,data)
  File "/Applications/XAMPP/xamppfiles/htdocs/work/wangzhe/server/game/api/api_login.py", line 119, in doproc
    _r = g.m.taskfun.genrateTask(uid)
  File "/Applications/XAMPP/xamppfiles/htdocs/work/wangzhe/server/game/taskfun.py", line 208, in genrateTask
    _nval = getTaskFinishVal(_con[str(taskid)],gud)
  File "/Applications/XAMPP/xamppfiles/htdocs/work/wangzhe/server/game/taskfun.py", line 133, in getTaskFinishVal
    if data[con["cond"][0]] >= con["cond"][1][0]:
KeyError: u'FDADD'

sysErrmsg:Traceback (most recent call last):
  File "game/serverweb.py", line 163, in threadedFunction
    _defer = procfun.proc(self,args)
  File "/Applications/XAMPP/xamppfiles/htdocs/work/wangzhe/server/game/api/api_login.py", line 12, in proc
    _res = doproc(conn,data)
  File "/Applications/XAMPP/xamppfiles/htdocs/work/wangzhe/server/game/api/api_login.py", line 119, in doproc
    _r = g.m.taskfun.genrateTask(uid)
  File "/Applications/XAMPP/xamppfiles/htdocs/work/wangzhe/server/game/taskfun.py", line 208, in genrateTask
    _nval = getTaskFinishVal(_con[str(taskid)],gud)
  File "/Applications/XAMPP/xamppfiles/htdocs/work/wangzhe/server/game/taskfun.py", line 133, in getTaskFinishVal
    if data[con["cond"][0]] >= con["cond"][1][0]:
KeyError: u'FDADD'



time:2017-03-10 09:57:25,231 	 nfile:log.py 	 fun:error 	 lineno:77 
message:webServer api_login error_0_58c12673e138233fba65c2bdTraceback (most recent call last):
  File "game/serverweb.py", line 163, in threadedFunction
    _defer = procfun.proc(self,args)
  File "/Applications/XAMPP/xamppfiles/htdocs/work/wangzhe/server/game/api/api_login.py", line 12, in proc
    _res = doproc(conn,data)
  File "/Applications/XAMPP/xamppfiles/htdocs/work/wangzhe/server/game/api/api_login.py", line 119, in doproc
    _r = g.m.taskfun.genrateTask(uid)
  File "/Applications/XAMPP/xamppfiles/htdocs/work/wangzhe/server/game/taskfun.py", line 208, in genrateTask
    _nval = getTaskFinishVal(_con[str(taskid)],gud)
  File "/Applications/XAMPP/xamppfiles/htdocs/work/wangzhe/server/game/taskfun.py", line 133, in getTaskFinishVal
    if data[con["cond"][0]] >= con["cond"][1][0]:
KeyError: u'FDADD'

sysErrmsg:Traceback (most recent call last):
  File "game/serverweb.py", line 163, in threadedFunction
    _defer = procfun.proc(self,args)
  File "/Applications/XAMPP/xamppfiles/htdocs/work/wangzhe/server/game/api/api_login.py", line 12, in proc
    _res = doproc(conn,data)
  File "/Applications/XAMPP/xamppfiles/htdocs/work/wangzhe/server/game/api/api_login.py", line 119, in doproc
    _r = g.m.taskfun.genrateTask(uid)
  File "/Applications/XAMPP/xamppfiles/htdocs/work/wangzhe/server/game/taskfun.py", line 208, in genrateTask
    _nval = getTaskFinishVal(_con[str(taskid)],gud)
  File "/Applications/XAMPP/xamppfiles/htdocs/work/wangzhe/server/game/taskfun.py", line 133, in getTaskFinishVal
    if data[con["cond"][0]] >= con["cond"][1][0]:
KeyError: u'FDADD'



time:2017-03-10 09:57:25,235 	 nfile:log.py 	 fun:error 	 lineno:77 
message:webServer api_login error_0_58c12673e138233fba65c2bdTraceback (most recent call last):
  File "game/serverweb.py", line 163, in threadedFunction
    _defer = procfun.proc(self,args)
  File "/Applications/XAMPP/xamppfiles/htdocs/work/wangzhe/server/game/api/api_login.py", line 12, in proc
    _res = doproc(conn,data)
  File "/Applications/XAMPP/xamppfiles/htdocs/work/wangzhe/server/game/api/api_login.py", line 119, in doproc
    _r = g.m.taskfun.genrateTask(uid)
  File "/Applications/XAMPP/xamppfiles/htdocs/work/wangzhe/server/game/taskfun.py", line 208, in genrateTask
    _nval = getTaskFinishVal(_con[str(taskid)],gud)
  File "/Applications/XAMPP/xamppfiles/htdocs/work/wangzhe/server/game/taskfun.py", line 133, in getTaskFinishVal
    if data[con["cond"][0]] >= con["cond"][1][0]:
KeyError: u'FDADD'

sysErrmsg:Traceback (most recent call last):
  File "game/serverweb.py", line 163, in threadedFunction
    _defer = procfun.proc(self,args)
  File "/Applications/XAMPP/xamppfiles/htdocs/work/wangzhe/server/game/api/api_login.py", line 12, in proc
    _res = doproc(conn,data)
  File "/Applications/XAMPP/xamppfiles/htdocs/work/wangzhe/server/game/api/api_login.py", line 119, in doproc
    _r = g.m.taskfun.genrateTask(uid)
  File "/Applications/XAMPP/xamppfiles/htdocs/work/wangzhe/server/game/taskfun.py", line 208, in genrateTask
    _nval = getTaskFinishVal(_con[str(taskid)],gud)
  File "/Applications/XAMPP/xamppfiles/htdocs/work/wangzhe/server/game/taskfun.py", line 133, in getTaskFinishVal
    if data[con["cond"][0]] >= con["cond"][1][0]:
KeyError: u'FDADD'



time:2017-03-10 09:57:25,279 	 nfile:log.py 	 fun:error 	 lineno:77 
message:webServer api_login error_0_58c12673e138233fba65c2bdTraceback (most recent call last):
  File "game/serverweb.py", line 163, in threadedFunction
    _defer = procfun.proc(self,args)
  File "/Applications/XAMPP/xamppfiles/htdocs/work/wangzhe/server/game/api/api_login.py", line 12, in proc
    _res = doproc(conn,data)
  File "/Applications/XAMPP/xamppfiles/htdocs/work/wangzhe/server/game/api/api_login.py", line 119, in doproc
    _r = g.m.taskfun.genrateTask(uid)
  File "/Applications/XAMPP/xamppfiles/htdocs/work/wangzhe/server/game/taskfun.py", line 208, in genrateTask
    _nval = getTaskFinishVal(_con[str(taskid)],gud)
  File "/Applications/XAMPP/xamppfiles/htdocs/work/wangzhe/server/game/taskfun.py", line 133, in getTaskFinishVal
    if data[con["cond"][0]] >= con["cond"][1][0]:
KeyError: u'FDADD'

sysErrmsg:Traceback (most recent call last):
  File "game/serverweb.py", line 163, in threadedFunction
    _defer = procfun.proc(self,args)
  File "/Applications/XAMPP/xamppfiles/htdocs/work/wangzhe/server/game/api/api_login.py", line 12, in proc
    _res = doproc(conn,data)
  File "/Applications/XAMPP/xamppfiles/htdocs/work/wangzhe/server/game/api/api_login.py", line 119, in doproc
    _r = g.m.taskfun.genrateTask(uid)
  File "/Applications/XAMPP/xamppfiles/htdocs/work/wangzhe/server/game/taskfun.py", line 208, in genrateTask
    _nval = getTaskFinishVal(_con[str(taskid)],gud)
  File "/Applications/XAMPP/xamppfiles/htdocs/work/wangzhe/server/game/taskfun.py", line 133, in getTaskFinishVal
    if data[con["cond"][0]] >= con["cond"][1][0]:
KeyError: u'FDADD'



time:2017-03-10 09:57:25,416 	 nfile:log.py 	 fun:error 	 lineno:77 
message:webServer api_login error_0_58c12673e138233fba65c2bdTraceback (most recent call last):
  File "game/serverweb.py", line 163, in threadedFunction
    _defer = procfun.proc(self,args)
  File "/Applications/XAMPP/xamppfiles/htdocs/work/wangzhe/server/game/api/api_login.py", line 12, in proc
    _res = doproc(conn,data)
  File "/Applications/XAMPP/xamppfiles/htdocs/work/wangzhe/server/game/api/api_login.py", line 119, in doproc
    _r = g.m.taskfun.genrateTask(uid)
  File "/Applications/XAMPP/xamppfiles/htdocs/work/wangzhe/server/game/taskfun.py", line 208, in genrateTask
    _nval = getTaskFinishVal(_con[str(taskid)],gud)
  File "/Applications/XAMPP/xamppfiles/htdocs/work/wangzhe/server/game/taskfun.py", line 133, in getTaskFinishVal
    if data[con["cond"][0]] >= con["cond"][1][0]:
KeyError: u'FDADD'

sysErrmsg:Traceback (most recent call last):
  File "game/serverweb.py", line 163, in threadedFunction
    _defer = procfun.proc(self,args)
  File "/Applications/XAMPP/xamppfiles/htdocs/work/wangzhe/server/game/api/api_login.py", line 12, in proc
    _res = doproc(conn,data)
  File "/Applications/XAMPP/xamppfiles/htdocs/work/wangzhe/server/game/api/api_login.py", line 119, in doproc
    _r = g.m.taskfun.genrateTask(uid)
  File "/Applications/XAMPP/xamppfiles/htdocs/work/wangzhe/server/game/taskfun.py", line 208, in genrateTask
    _nval = getTaskFinishVal(_con[str(taskid)],gud)
  File "/Applications/XAMPP/xamppfiles/htdocs/work/wangzhe/server/game/taskfun.py", line 133, in getTaskFinishVal
    if data[con["cond"][0]] >= con["cond"][1][0]:
KeyError: u'FDADD'

